<?xml version="1.0" encoding="utf-8"?><testsuites><testsuite name="spriteCloud-TechnicalTask" errors="0" failures="1" skipped="0" tests="16" time="8.153" timestamp="2022-07-30T14:37:46.003584" hostname="docker-desktop"><testcase classname="tests.api_tests.test_pet.TestPet" name="test_positive_scenario_adding_pet_to_store" file="../Users/mac/spriteCloud-TechnicalTask/src/tests/api_tests/test_pet.py" line="14" time="0.503" /><testcase classname="tests.api_tests.test_pet.TestPet" name="test_negative_scenario_adding_pet_to_store" file="../Users/mac/spriteCloud-TechnicalTask/src/tests/api_tests/test_pet.py" line="26" time="0.485"><failure message="Failed: &#10;INVALID status code=500&#10;Expected status code in range 400-499 (Client Error)">self = &lt;api_tests.test_pet.TestPet object at 0x7f996126a440&gt;
pet = &lt;api_tests.api.pet.Pet object at 0x7f99612688e0&gt;

&gt;   ???
E   Failed: 
E   INVALID status code=500
E   Expected status code in range 400-499 (Client Error)

/Users/mac/spriteCloud-TechnicalTask/src/tests/api_tests/test_pet.py:33: Failed</failure></testcase><testcase classname="tests.api_tests.test_pet.TestPet" name="test_find_pet_by_id" file="../Users/mac/spriteCloud-TechnicalTask/src/tests/api_tests/test_pet.py" line="37" time="0.483" /><testcase classname="tests.api_tests.test_pet.TestPet" name="test_updating_an_existing_pet" file="../Users/mac/spriteCloud-TechnicalTask/src/tests/api_tests/test_pet.py" line="44" time="0.001" /><testcase classname="tests.api_tests.test_pet.TestPet" name="test_delete_pet" file="../Users/mac/spriteCloud-TechnicalTask/src/tests/api_tests/test_pet.py" line="47" time="0.001" /><testcase classname="tests.api_tests.test_store.TestStore" name="test_place_an_order_for_a_pet" file="../Users/mac/spriteCloud-TechnicalTask/src/tests/api_tests/test_store.py" line="2" time="0.001" /><testcase classname="tests.api_tests.test_store.TestStore" name="test_return_pet_inventories_by_status" file="../Users/mac/spriteCloud-TechnicalTask/src/tests/api_tests/test_store.py" line="5" time="0.001" /><testcase classname="tests.api_tests.test_store.TestStore" name="test_find_purchase_order_by_id" file="../Users/mac/spriteCloud-TechnicalTask/src/tests/api_tests/test_store.py" line="8" time="0.001" /><testcase classname="tests.api_tests.test_store.TestStore" name="test_delete_purchase_order_by_id" file="../Users/mac/spriteCloud-TechnicalTask/src/tests/api_tests/test_store.py" line="11" time="0.001" /><testcase classname="tests.api_tests.test_user.TestUser" name="test_create_user" file="../Users/mac/spriteCloud-TechnicalTask/src/tests/api_tests/test_user.py" line="2" time="0.001" /><testcase classname="tests.api_tests.test_user.TestUser" name="test_get_user_by_name" file="../Users/mac/spriteCloud-TechnicalTask/src/tests/api_tests/test_user.py" line="5" time="0.001" /><testcase classname="tests.api_tests.test_user.TestUser" name="test_update_user" file="../Users/mac/spriteCloud-TechnicalTask/src/tests/api_tests/test_user.py" line="8" time="0.001" /><testcase classname="tests.api_tests.test_user.TestUser" name="test_delete_user" file="../Users/mac/spriteCloud-TechnicalTask/src/tests/api_tests/test_user.py" line="11" time="0.001" /><testcase classname="tests.ui_tests.test_playground.TestPlayground" name="test_button_that_ignores_dom_click_event" file="../Users/mac/spriteCloud-TechnicalTask/src/tests/ui_tests/test_playground.py" line="12" time="4.285" /><testcase classname="tests.ui_tests.test_playground.TestPlayground" name="test_for_defining_correct_button_among_buttons_with_similar_classes" file="../Users/mac/spriteCloud-TechnicalTask/src/tests/ui_tests/test_playground.py" line="17" time="0.957" /><testcase classname="tests.ui_tests.test_playground.TestPlayground" name="test_for_defining_button_with_dynamic_id" file="../Users/mac/spriteCloud-TechnicalTask/src/tests/ui_tests/test_playground.py" line="22" time="1.010" /></testsuite></testsuites>